<?xml version="1.0" encoding="UTF-8"?>
<testng-results skipped="0" failed="0" ignored="0" total="1" passed="1">
  <reporter-output>
  </reporter-output>
  <suite name="Surefire suite" duration-ms="47" started-at="2023-05-16T11:47:15Z" finished-at="2023-05-16T11:47:15Z">
    <groups>
    </groups>
    <test name="Surefire test" duration-ms="47" started-at="2023-05-16T11:47:15Z" finished-at="2023-05-16T11:47:15Z">
      <class name="com.tutorialsninja.AppTest">
        <test-method status="PASS" signature="testApp()" name="testApp" duration-ms="30" started-at="2023-05-16T11:47:15Z" finished-at="2023-05-16T11:47:15Z">
          <reporter-output>
          </reporter-output>
        </test-method> <!-- testApp -->
      </class> <!-- com.tutorialsninja.AppTest -->
    </test> <!-- Surefire test -->
  </suite> <!-- Surefire suite -->
</testng-results>
